time           0                                         conID          5   dstID          2   matID          1   actID          1   SDN_update_packet generating
time           0                                         conID          5   dstID          0   matID          1   actID          1   SDN_update_packet generating
time           0                                         conID          5   dstID          3   matID          1   actID          1   SDN_update_packet generating
time           0   recID          5   pktID          2   srcID          5   dstID          3   preID          5   nexID          5   SDN_update_packet
time           0                                         srcID          5   dstID          3   matID          1   actID          1   SDN_ctrl_packet generating
time           0   recID          5   pktID          3   srcID          5   dstID          3   preID          5   nexID          5   SDN_ctrl_packet
time           0   senID          5   pktID          3   srcID          5   dstID          3   preID          5   nexID          3   SDN_ctrl_packet
time           0   recID          5   pktID          1   srcID          5   dstID          0   preID          5   nexID          5   SDN_update_packet
time           0                                         srcID          5   dstID          0   matID          1   actID          1   SDN_ctrl_packet generating
time           0   recID          5   pktID          4   srcID          5   dstID          0   preID          5   nexID          5   SDN_ctrl_packet
time           0   senID          5   pktID          4   srcID          5   dstID          0   preID          5   nexID          0   SDN_ctrl_packet
time           0   recID          5   pktID          0   srcID          5   dstID          2   preID          5   nexID          5   SDN_update_packet
time           0                                         srcID          5   dstID          2   matID          1   actID          1   SDN_ctrl_packet generating
time           0   recID          5   pktID          5   srcID          5   dstID          2   preID          5   nexID          5   SDN_ctrl_packet
time           0   senID          5   pktID          5   srcID          5   dstID          2   preID          5   nexID          2   SDN_ctrl_packet
time           0                                         conID          5   dstID          4   matID          1   actID          3   SDN_update_packet generating
time           0   recID          5   pktID          6   srcID          5   dstID          4   preID          5   nexID          5   SDN_update_packet
time           0                                         srcID          5   dstID          4   matID          1   actID          3   SDN_ctrl_packet generating
time           0   recID          5   pktID          7   srcID          5   dstID          4   preID          5   nexID          5   SDN_ctrl_packet
time           0   senID          5   pktID          7   srcID          5   dstID          4   preID          5   nexID          4   SDN_ctrl_packet
time          10   recID          2   pktID          5   srcID          5   dstID          2   preID          5   nexID          2   SDN_ctrl_packet
time          10   recID          3   pktID          3   srcID          5   dstID          3   preID          5   nexID          3   SDN_ctrl_packet
time          10   recID          0   pktID          4   srcID          5   dstID          0   preID          5   nexID          0   SDN_ctrl_packet
time          10   senID          2   pktID          5   srcID          5   dstID          5   preID          2   nexID          5   SDN_ctrl_packet
time          10   senID          3   pktID          3   srcID          5   dstID          5   preID          3   nexID          5   SDN_ctrl_packet
time          10   senID          0   pktID          4   srcID          5   dstID          5   preID          0   nexID          5   SDN_ctrl_packet
time          10   recID          4   pktID          7   srcID          5   dstID          4   preID          5   nexID          4   SDN_ctrl_packet
time          10   senID          4   pktID          7   srcID          5   dstID          5   preID          4   nexID          5   SDN_ctrl_packet
time          20   recID          5   pktID          5   srcID          5   dstID          5   preID          2   nexID          5   SDN_ctrl_packet
time          20   recID          5   pktID          7   srcID          5   dstID          5   preID          4   nexID          5   SDN_ctrl_packet
time          20   recID          5   pktID          4   srcID          5   dstID          5   preID          0   nexID          5   SDN_ctrl_packet
time          20   recID          5   pktID          3   srcID          5   dstID          5   preID          3   nexID          5   SDN_ctrl_packet
time         100                                         conID          5   dstID          4   matID          1   actID          2   SDN_update_packet generating
time         100                                         conID          5   dstID          3   matID          1   actID          1   SDN_update_packet generating
time         100                                         conID          5   dstID          2   matID          1   actID          3   SDN_update_packet generating
time         100   recID          5   pktID          9   srcID          5   dstID          3   preID          5   nexID          5   SDN_update_packet
time         100                                         srcID          5   dstID          3   matID          1   actID          1   SDN_ctrl_packet generating
time         100   recID          5   pktID         11   srcID          5   dstID          3   preID          5   nexID          5   SDN_ctrl_packet
time         100   senID          5   pktID         11   srcID          5   dstID          3   preID          5   nexID          3   SDN_ctrl_packet
time         100   recID          5   pktID          8   srcID          5   dstID          4   preID          5   nexID          5   SDN_update_packet
time         100                                         conID          5   dstID          0   matID          1   actID          3   SDN_update_packet generating
time         100   recID          5   pktID         12   srcID          5   dstID          0   preID          5   nexID          5   SDN_update_packet
time         100   recID          5   pktID         10   srcID          5   dstID          2   preID          5   nexID          5   SDN_update_packet
time         110   recID          3   pktID         11   srcID          5   dstID          3   preID          5   nexID          3   SDN_ctrl_packet
time         110   senID          3   pktID         11   srcID          5   dstID          5   preID          3   nexID          5   SDN_ctrl_packet
time         120   recID          5   pktID         11   srcID          5   dstID          5   preID          3   nexID          5   SDN_ctrl_packet
time         120                                         srcID          5   dstID          0   matID          1   actID          3   SDN_ctrl_packet generating
time         120   recID          5   pktID         13   srcID          5   dstID          0   preID          5   nexID          5   SDN_ctrl_packet
time         120   senID          5   pktID         13   srcID          5   dstID          0   preID          5   nexID          0   SDN_ctrl_packet
time         120                                         srcID          5   dstID          2   matID          1   actID          3   SDN_ctrl_packet generating
time         120   recID          5   pktID         14   srcID          5   dstID          2   preID          5   nexID          5   SDN_ctrl_packet
time         120   senID          5   pktID         14   srcID          5   dstID          2   preID          5   nexID          2   SDN_ctrl_packet
time         130   recID          2   pktID         14   srcID          5   dstID          2   preID          5   nexID          2   SDN_ctrl_packet
time         130   senID          2   pktID         14   srcID          5   dstID          5   preID          2   nexID          5   SDN_ctrl_packet
time         130   recID          0   pktID         13   srcID          5   dstID          0   preID          5   nexID          0   SDN_ctrl_packet
time         130   senID          0   pktID         13   srcID          5   dstID          5   preID          0   nexID          5   SDN_ctrl_packet
time         140   recID          5   pktID         13   srcID          5   dstID          5   preID          0   nexID          5   SDN_ctrl_packet
time         140   recID          5   pktID         14   srcID          5   dstID          5   preID          2   nexID          5   SDN_ctrl_packet
time         140                                         srcID          5   dstID          4   matID          1   actID          2   SDN_ctrl_packet generating
time         140   recID          5   pktID         15   srcID          5   dstID          4   preID          5   nexID          5   SDN_ctrl_packet
time         140   senID          5   pktID         15   srcID          5   dstID          4   preID          5   nexID          4   SDN_ctrl_packet
time         150   recID          4   pktID         15   srcID          5   dstID          4   preID          5   nexID          4   SDN_ctrl_packet
time         150   senID          4   pktID         15   srcID          5   dstID          5   preID          4   nexID          5   SDN_ctrl_packet
time         160   recID          5   pktID         15   srcID          5   dstID          5   preID          4   nexID          5   SDN_ctrl_packet
